<?xml version="1.0" encoding="UTF-8"?>
<testsuites>
  <testsuite name="" tests="8" assertions="21" failures="0" errors="0" time="0.202991">
    <testsuite name="Icecave\Abraxas\PasswordGeneratorTest" file="/home/travis/build/IcecaveStudios/abraxas/test/suite/PasswordGeneratorTest.php" namespace="Icecave\Abraxas" fullPackage="Icecave.Abraxas" tests="8" assertions="21" failures="0" errors="0" time="0.202991">
      <testcase name="testDefaultCharacterSet" class="Icecave\Abraxas\PasswordGeneratorTest" file="/home/travis/build/IcecaveStudios/abraxas/test/suite/PasswordGeneratorTest.php" line="15" assertions="1" time="0.033768"/>
      <testcase name="testAllowUppercase" class="Icecave\Abraxas\PasswordGeneratorTest" file="/home/travis/build/IcecaveStudios/abraxas/test/suite/PasswordGeneratorTest.php" line="23" assertions="1" time="0.010279"/>
      <testcase name="testAllowDigits" class="Icecave\Abraxas\PasswordGeneratorTest" file="/home/travis/build/IcecaveStudios/abraxas/test/suite/PasswordGeneratorTest.php" line="33" assertions="1" time="0.010586"/>
      <testcase name="testAllowSymbols" class="Icecave\Abraxas\PasswordGeneratorTest" file="/home/travis/build/IcecaveStudios/abraxas/test/suite/PasswordGeneratorTest.php" line="43" assertions="1" time="0.010674"/>
      <testcase name="testAllowAmbiguousCharacters" class="Icecave\Abraxas\PasswordGeneratorTest" file="/home/travis/build/IcecaveStudios/abraxas/test/suite/PasswordGeneratorTest.php" line="53" assertions="1" time="0.010846"/>
      <testcase name="testGenerate" class="Icecave\Abraxas\PasswordGeneratorTest" file="/home/travis/build/IcecaveStudios/abraxas/test/suite/PasswordGeneratorTest.php" line="63" assertions="3" time="0.045122"/>
      <testcase name="testGenerateWithCustomLength" class="Icecave\Abraxas\PasswordGeneratorTest" file="/home/travis/build/IcecaveStudios/abraxas/test/suite/PasswordGeneratorTest.php" line="106" assertions="3" time="0.030391"/>
      <testcase name="testGenerateFunctional" class="Icecave\Abraxas\PasswordGeneratorTest" file="/home/travis/build/IcecaveStudios/abraxas/test/suite/PasswordGeneratorTest.php" line="147" assertions="10" time="0.051324"/>
    </testsuite>
  </testsuite>
</testsuites>
